<?xml version="1.0" encoding="UTF-8"?>
<!-- Generated by org.testng.reporters.JUnitReportReporter -->
<testsuite hostname="MSI" failures="0" tests="1" name="Actitime.Screenshot" time="3.296" errors="0" timestamp="2023-02-02T21:04:50 IST" skipped="0">
  <testcase classname="Actitime.Screenshot" name="testScreenshot" time="3.296"/>
  <system-out/>
</testsuite> <!-- Actitime.Screenshot -->
