<?xml version="1.0" encoding="UTF-8"?>
<!-- Generated by org.testng.reporters.JUnitReportReporter -->
<testsuite hostname="MSI" failures="0" tests="1" name="Actitime.WindowHanddles" time="4.471" errors="0" timestamp="2023-02-02T20:54:58 IST" skipped="0">
  <testcase classname="Actitime.WindowHanddles" name="testWindowHandle" time="4.471"/>
  <system-out/>
</testsuite> <!-- Actitime.WindowHanddles -->
