<?xml version="1.0" encoding="UTF-8"?>
<!-- Generated by org.testng.reporters.JUnitReportReporter -->
<testsuite hostname="MSI" failures="0" tests="1" name="PageObjectModel.createCustomerTC_01" time="1.632" errors="0" timestamp="2023-02-02T22:44:20 IST" skipped="0">
  <testcase classname="PageObjectModel.createCustomerTC_01" name="testCreateCustomerTC_01" time="1.632"/>
  <system-out/>
</testsuite> <!-- PageObjectModel.createCustomerTC_01 -->
