<?xml version="1.0" encoding="UTF-8"?>
<!-- Generated by org.testng.reporters.JUnitReportReporter -->
<testsuite hostname="MSI" failures="0" tests="1" name="seleniumDemos.General" time="0.010" errors="0" timestamp="2022-12-07T22:00:02 IST" skipped="0">
  <testcase classname="seleniumDemos.General" name="method1" time="0.010"/>
  <system-out/>
</testsuite> <!-- seleniumDemos.General -->
