<?xml version="1.0" encoding="UTF-8"?>
<!-- Generated by org.testng.reporters.JUnitReportReporter -->
<testsuite hostname="MSI" failures="0" tests="3" name="seleniumDemos.TestNgA" time="0.009" errors="0" timestamp="2022-12-09T18:42:15 IST" skipped="0">
  <testcase classname="seleniumDemos.TestNgA" name="testcc" time="0.007"/>
  <system-out/>
  <testcase classname="seleniumDemos.TestNgA" name="testBB" time="0.001"/>
  <system-out/>
  <testcase classname="seleniumDemos.TestNgA" name="testAA" time="0.001"/>
  <system-out/>
</testsuite> <!-- seleniumDemos.TestNgA -->
