<?xml version="1.0" encoding="UTF-8"?>
<!-- Generated by org.testng.reporters.JUnitReportReporter -->
<testsuite hostname="MSI" failures="0" tests="1" name="seleniumDemos.FlipKart2" time="18.397" errors="0" timestamp="2023-03-13T16:07:36 IST" skipped="0">
  <testcase classname="seleniumDemos.FlipKart2" name="openFlipkart" time="18.397"/>
  <system-out/>
</testsuite> <!-- seleniumDemos.FlipKart2 -->
