<?xml version="1.0" encoding="UTF-8"?>
<!-- Generated by org.testng.reporters.JUnitReportReporter -->
<testsuite hostname="MSI" failures="0" tests="1" name="inheritance.CreateCustomerTC" time="1.608" errors="0" timestamp="2022-04-06T21:34:30 IST" skipped="0">
  <testcase classname="inheritance.CreateCustomerTC" name="createCustomer" time="1.608"/>
  <system-out/>
</testsuite> <!-- inheritance.CreateCustomerTC -->
