<?xml version="1.0" encoding="UTF-8"?>
<!-- Generated by org.testng.reporters.JUnitReportReporter -->
<testsuite hostname="MSI" failures="0" tests="1" name="Datadriventesting.CreateCustomer" time="5.124" errors="0" timestamp="2023-01-02T21:38:00 IST" skipped="0">
  <testcase classname="Datadriventesting.CreateCustomer" name="testcreateCustomer" time="5.124"/>
  <system-out/>
</testsuite> <!-- Datadriventesting.CreateCustomer -->
