<?xml version="1.0" encoding="UTF-8"?>
<!-- Generated by org.testng.reporters.JUnitReportReporter -->
<testsuite hostname="MSI" failures="0" tests="1" name="newProject.TestCase_02" time="2.379" errors="0" timestamp="2022-04-13T21:26:13 IST" skipped="0">
  <testcase classname="newProject.TestCase_02" name="testCase_02" time="2.379"/>
  <system-out/>
</testsuite> <!-- newProject.TestCase_02 -->
