<?xml version="1.0" encoding="UTF-8"?>
<!-- Generated by org.testng.reporters.JUnitReportReporter -->
<testsuite hostname="MSI" failures="0" tests="1" name="driventest3.CreateCustomer" time="5.427" errors="0" timestamp="2023-02-01T00:37:46 IST" skipped="0">
  <testcase classname="driventest3.CreateCustomer" name="testCreateCustomer" time="5.427"/>
  <system-out/>
</testsuite> <!-- driventest3.CreateCustomer -->
