<?xml version="1.0" encoding="UTF-8"?>
<!-- Generated by org.testng.reporters.JUnitReportReporter -->
<testsuite hostname="MSI" failures="0" tests="1" name="holiday.Sample" time="0.008" errors="0" timestamp="2022-12-10T17:41:03 IST" skipped="0">
  <testcase classname="holiday.Sample" name="sample1" time="0.008"/>
  <system-out/>
</testsuite> <!-- holiday.Sample -->
